<?xml version="1.0" encoding="UTF-8" ?>
<testsuite errors="0" failures="6" hostname="MacBook-Pro-5.local" name="uk.ac.aber.agile.movies.tests.CustomerTest" skipped="0" tests="12" time="0.112" timestamp="2018-04-03T02:50:04">
  <properties>
[...]
</properties>
  <testcase classname="uk.ac.aber.agile.movies.tests.CustomerTest" name="shouldGenerateStatementForOneNewReleaseRentalForTwoDays" time="0.013" />
  <testcase classname="uk.ac.aber.agile.movies.tests.CustomerTest" name="shouldGenerateStatementForOneChildrensRentalForMoreThanThreeDays" time="0.009">
    <failure message="Incorrect statement expected:&lt;....5&#xa;Amount owed is 2.[5]&#xa;You earned 1 freque...&gt; but was:&lt;....5&#xa;Amount owed is 2.[0]&#xa;You earned 1 freque...&gt;" type="junit.framework.AssertionFailedError">junit.framework.AssertionFailedError: Incorrect statement expected:&lt;....5
Amount owed is 2.[5]
You earned 1 freque...&gt; but was:&lt;....5
Amount owed is 2.[0]
You earned 1 freque...&gt;
	at uk.ac.aber.agile.movies.tests.CustomerTest.shouldGenerateStatementForOneChildrensRentalForMoreThanThreeDays(CustomerTest.java:90)
</failure>
  </testcase>
  <testcase classname="uk.ac.aber.agile.movies.tests.CustomerTest" name="shouldGenerateStatementForOneRegularRental" time="0.0" />
  <testcase classname="uk.ac.aber.agile.movies.tests.CustomerTest" name="shouldGenerateStatementForOneChildrensRentalForThreeDays" time="0.002">
    <failure message="Incorrect statement expected:&lt;....5&#xa;Amount owed is 1.[5]&#xa;You earned 1 freque...&gt; but was:&lt;....5&#xa;Amount owed is 1.[0]&#xa;You earned 1 freque...&gt;" type="junit.framework.AssertionFailedError">junit.framework.AssertionFailedError: Incorrect statement expected:&lt;....5
Amount owed is 1.[5]
You earned 1 freque...&gt; but was:&lt;....5
Amount owed is 1.[0]
You earned 1 freque...&gt;
	at uk.ac.aber.agile.movies.tests.CustomerTest.shouldGenerateStatementForOneChildrensRentalForThreeDays(CustomerTest.java:78)
</failure>
  </testcase>
  <testcase classname="uk.ac.aber.agile.movies.tests.CustomerTest" name="shouldGenerateStatementForOneNewReleaseRentalForOneDay" time="0.001" />
  <testcase classname="uk.ac.aber.agile.movies.tests.CustomerTest" name="shouldGenerateHtmlStatementForMultipleMovies" time="0.001">
    <failure message="Incorrect statement expected:&lt;...&lt;p&gt;Amount owed is 9.[5]&lt;/p&gt;&lt;p&gt;You earned 4 ...&gt; but was:&lt;...&lt;p&gt;Amount owed is 9.[0]&lt;/p&gt;&lt;p&gt;You earned 4 ...&gt;" type="junit.framework.AssertionFailedError">junit.framework.AssertionFailedError: Incorrect statement expected:&lt;...&lt;p&gt;Amount owed is 9.[5]&lt;/p&gt;&lt;p&gt;You earned 4 ...&gt; but was:&lt;...&lt;p&gt;Amount owed is 9.[0]&lt;/p&gt;&lt;p&gt;You earned 4 ...&gt;
	at uk.ac.aber.agile.movies.tests.CustomerTest.shouldGenerateHtmlStatementForMultipleMovies(CustomerTest.java:155)
</failure>
  </testcase>
  <testcase classname="uk.ac.aber.agile.movies.tests.CustomerTest" name="shouldGenerateStatementForMultipleMovies" time="0.005">
    <failure message="Incorrect statement expected:&lt;....0&#xa;Amount owed is 9.[5]&#xa;You earned 4 freque...&gt; but was:&lt;....0&#xa;Amount owed is 9.[0]&#xa;You earned 4 freque...&gt;" type="junit.framework.AssertionFailedError">junit.framework.AssertionFailedError: Incorrect statement expected:&lt;....0
Amount owed is 9.[5]
You earned 4 freque...&gt; but was:&lt;....0
Amount owed is 9.[0]
You earned 4 freque...&gt;
	at uk.ac.aber.agile.movies.tests.CustomerTest.shouldGenerateStatementForMultipleMovies(CustomerTest.java:131)
</failure>
  </testcase>
  <testcase classname="uk.ac.aber.agile.movies.tests.CustomerTest" name="shouldGenerateHtmlStatementForZeroItems" time="0.0" />
  <testcase classname="uk.ac.aber.agile.movies.tests.CustomerTest" name="shouldGenerateStatementForOneChildrensRentalForTwoDays" time="0.004">
    <failure message="Incorrect statement expected:&lt;....5&#xa;Amount owed is 1.[5]&#xa;You earned 1 freque...&gt; but was:&lt;....5&#xa;Amount owed is 1.[0]&#xa;You earned 1 freque...&gt;" type="junit.framework.AssertionFailedError">junit.framework.AssertionFailedError: Incorrect statement expected:&lt;....5
Amount owed is 1.[5]
You earned 1 freque...&gt; but was:&lt;....5
Amount owed is 1.[0]
You earned 1 freque...&gt;
	at uk.ac.aber.agile.movies.tests.CustomerTest.shouldGenerateStatementForOneChildrensRentalForTwoDays(CustomerTest.java:66)
</failure>
  </testcase>
  <testcase classname="uk.ac.aber.agile.movies.tests.CustomerTest" name="shouldGenerateStatementForZeroItems" time="0.0" />
  <testcase classname="uk.ac.aber.agile.movies.tests.CustomerTest" name="shouldBeInitialisedWithSpecifiedName" time="0.0" />
  <testcase classname="uk.ac.aber.agile.movies.tests.CustomerTest" name="shouldGenerateStatementForOneRegularRentalForMoreThanTwoDays" time="0.002">
    <failure message="Incorrect statement expected:&lt;....5&#xa;Amount owed is 3.[5]&#xa;You earned 1 freque...&gt; but was:&lt;....5&#xa;Amount owed is 3.[0]&#xa;You earned 1 freque...&gt;" type="junit.framework.AssertionFailedError">junit.framework.AssertionFailedError: Incorrect statement expected:&lt;....5
Amount owed is 3.[5]
You earned 1 freque...&gt; but was:&lt;....5
Amount owed is 3.[0]
You earned 1 freque...&gt;
	at uk.ac.aber.agile.movies.tests.CustomerTest.shouldGenerateStatementForOneRegularRentalForMoreThanTwoDays(CustomerTest.java:114)
</failure>
  </testcase>
  <system-out><![CDATA[]]></system-out>
  <system-err><![CDATA[]]></system-err>
</testsuite>
