<?xml version="1.0" encoding="UTF-8" ?>
<testsuite errors="0" failures="6" hostname="MacBook-Pro-5.local" name="uk.ac.aber.agile.movies.tests.CustomerTest" skipped="0" tests="12" time="0.112" timestamp="2018-04-03T02:50:04">
  <properties>
    <property name="java.vendor" value="Oracle Corporation" />
    <property name="libs" value="/Users/neiltaylor/eclipse/git/agile/ci/jenkins/javaAntExample/libs" />
    <property name="sun.java.launcher" value="SUN_STANDARD" />
    <property name="eclipse.pdebuild.templates" value="/Applications/Eclipse.app/Contents/Eclipse/plugins/org.eclipse.pde.build_3.9.100.v20150521-1524/templates//" />
    <property name="ant.file.JavaAntExample" value="/Users/neiltaylor/eclipse/git/agile/ci/jenkins/javaAntExample/build.xml" />
    <property name="sun.management.compiler" value="HotSpot 64-Bit Tiered Compilers" />
    <property name="dist" value="/Users/neiltaylor/eclipse/git/agile/ci/jenkins/javaAntExample/dist" />
    <property name="os.name" value="Mac OS X" />
    <property name="ant.file.type.JavaAntExample" value="file" />
    <property name="sun.boot.class.path" value="/Library/Java/JavaVirtualMachines/jdk1.8.0_45.jdk/Contents/Home/jre/lib/resources.jar:/Library/Java/JavaVirtualMachines/jdk1.8.0_45.jdk/Contents/Home/jre/lib/rt.jar:/Library/Java/JavaVirtualMachines/jdk1.8.0_45.jdk/Contents/Home/jre/lib/sunrsasign.jar:/Library/Java/JavaVirtualMachines/jdk1.8.0_45.jdk/Contents/Home/jre/lib/jsse.jar:/Library/Java/JavaVirtualMachines/jdk1.8.0_45.jdk/Contents/Home/jre/lib/jce.jar:/Library/Java/JavaVirtualMachines/jdk1.8.0_45.jdk/Contents/Home/jre/lib/charsets.jar:/Library/Java/JavaVirtualMachines/jdk1.8.0_45.jdk/Contents/Home/jre/lib/jfr.jar:/Library/Java/JavaVirtualMachines/jdk1.8.0_45.jdk/Contents/Home/jre/classes" />
    <property name="TODAY" value="April 3 2018" />
    <property name="java.vm.specification.vendor" value="Oracle Corporation" />
    <property name="ant.home" value="/Applications/Eclipse.app/Contents/Eclipse/plugins/org.apache.ant_1.9.4.v201504302020" />
    <property name="java.runtime.version" value="1.8.0_45-b14" />
    <property name="reports.tests" value="/Users/neiltaylor/eclipse/git/agile/ci/jenkins/javaAntExample/reports" />
    <property name="user.name" value="neiltaylor" />
    <property name="user.language" value="en" />
    <property name="build" value="/Users/neiltaylor/eclipse/git/agile/ci/jenkins/javaAntExample/build" />
    <property name="sun.boot.library.path" value="/Library/Java/JavaVirtualMachines/jdk1.8.0_45.jdk/Contents/Home/jre/lib" />
    <property name="ant.project.default-target" value="dist" />
    <property name="ant.project.name" value="JavaAntExample" />
    <property name="DSTAMP" value="20180403" />
    <property name="java.version" value="1.8.0_45" />
    <property name="user.timezone" value="Asia/Shanghai" />
    <property name="sun.arch.data.model" value="64" />
    <property name="http.nonProxyHosts" value="local|*.local|169.254/16|*.169.254/16" />
    <property name="java.endorsed.dirs" value="/Library/Java/JavaVirtualMachines/jdk1.8.0_45.jdk/Contents/Home/jre/lib/endorsed" />
    <property name="sun.cpu.isalist" value="" />
    <property name="sun.jnu.encoding" value="UTF-8" />
    <property name="file.encoding.pkg" value="sun.io" />
    <property name="file.separator" value="/" />
    <property name="java.specification.name" value="Java Platform API Specification" />
    <property name="java.class.version" value="52.0" />
    <property name="src" value="/Users/neiltaylor/eclipse/git/agile/ci/jenkins/javaAntExample/src" />
    <property name="user.country" value="GB" />
    <property name="java.home" value="/Library/Java/JavaVirtualMachines/jdk1.8.0_45.jdk/Contents/Home/jre" />
    <property name="java.vm.info" value="mixed mode" />
    <property name="ant.file" value="/Users/neiltaylor/eclipse/git/agile/ci/jenkins/javaAntExample/build.xml" />
    <property name="os.version" value="10.12.6" />
    <property name="path.separator" value=":" />
    <property name="java.vm.version" value="25.45-b02" />
    <property name="ant.library.dir" value="/Applications/Eclipse.app/Contents/Eclipse/plugins/org.apache.ant_1.9.4.v201504302020/lib" />
    <property name="java.awt.printerjob" value="sun.lwawt.macosx.CPrinterJob" />
    <property name="sun.io.unicode.encoding" value="UnicodeBig" />
    <property name="awt.toolkit" value="sun.lwawt.macosx.LWCToolkit" />
    <property name="socksNonProxyHosts" value="local|*.local|169.254/16|*.169.254/16" />
    <property name="ftp.nonProxyHosts" value="local|*.local|169.254/16|*.169.254/16" />
    <property name="eclipse.pdebuild.scripts" value="/Applications/Eclipse.app/Contents/Eclipse/plugins/org.eclipse.pde.build_3.9.100.v20150521-1524/scripts//" />
    <property name="user.home" value="/Users/neiltaylor" />
    <property name="java.specification.vendor" value="Oracle Corporation" />
    <property name="java.library.path" value="/Users/neiltaylor/Library/Java/Extensions:/Library/Java/Extensions:/Network/Library/Java/Extensions:/System/Library/Java/Extensions:/usr/lib/java:." />
    <property name="java.vendor.url" value="http://java.oracle.com/" />
    <property name="java.vm.vendor" value="Oracle Corporation" />
    <property name="gopherProxySet" value="false" />
    <property name="java.runtime.name" value="Java(TM) SE Runtime Environment" />
    <property name="sun.java.command" value="org.apache.tools.ant.taskdefs.optional.junit.JUnitTestRunner uk.ac.aber.agile.movies.tests.CustomerTest skipNonTests=false filtertrace=true haltOnError=false haltOnFailure=true formatter=org.apache.tools.ant.taskdefs.optional.junit.SummaryJUnitResultFormatter showoutput=false outputtoformatters=true logfailedtests=true threadid=0 logtestlistenerevents=false formatter=org.apache.tools.ant.taskdefs.optional.junit.XMLJUnitResultFormatter,/Users/neiltaylor/eclipse/git/agile/ci/jenkins/javaAntExample/reports/TEST-uk.ac.aber.agile.movies.tests.CustomerTest.xml crashfile=/Users/neiltaylor/eclipse/git/agile/ci/jenkins/javaAntExample/junitvmwatcher7658861939366130522.properties propsfile=/Users/neiltaylor/eclipse/git/agile/ci/jenkins/javaAntExample/junit2952891138886253287.properties" />
    <property name="java.class.path" value="/Applications/Eclipse.app/Contents/Eclipse/plugins/org.apache.ant_1.9.4.v201504302020/lib/ant-antlr.jar:/Applications/Eclipse.app/Contents/Eclipse/plugins/org.apache.ant_1.9.4.v201504302020/lib/ant-apache-bcel.jar:/Applications/Eclipse.app/Contents/Eclipse/plugins/org.apache.ant_1.9.4.v201504302020/lib/ant-apache-bsf.jar:/Applications/Eclipse.app/Contents/Eclipse/plugins/org.apache.ant_1.9.4.v201504302020/lib/ant-apache-log4j.jar:/Applications/Eclipse.app/Contents/Eclipse/plugins/org.apache.ant_1.9.4.v201504302020/lib/ant-apache-oro.jar:/Applications/Eclipse.app/Contents/Eclipse/plugins/org.apache.ant_1.9.4.v201504302020/lib/ant-apache-regexp.jar:/Applications/Eclipse.app/Contents/Eclipse/plugins/org.apache.ant_1.9.4.v201504302020/lib/ant-apache-resolver.jar:/Applications/Eclipse.app/Contents/Eclipse/plugins/org.apache.ant_1.9.4.v201504302020/lib/ant-apache-xalan2.jar:/Applications/Eclipse.app/Contents/Eclipse/plugins/org.apache.ant_1.9.4.v201504302020/lib/ant-commons-logging.jar:/Applications/Eclipse.app/Contents/Eclipse/plugins/org.apache.ant_1.9.4.v201504302020/lib/ant-commons-net.jar:/Applications/Eclipse.app/Contents/Eclipse/plugins/org.apache.ant_1.9.4.v201504302020/lib/ant-jai.jar:/Applications/Eclipse.app/Contents/Eclipse/plugins/org.apache.ant_1.9.4.v201504302020/lib/ant-javamail.jar:/Applications/Eclipse.app/Contents/Eclipse/plugins/org.apache.ant_1.9.4.v201504302020/lib/ant-jdepend.jar:/Applications/Eclipse.app/Contents/Eclipse/plugins/org.apache.ant_1.9.4.v201504302020/lib/ant-jmf.jar:/Applications/Eclipse.app/Contents/Eclipse/plugins/org.apache.ant_1.9.4.v201504302020/lib/ant-jsch.jar:/Applications/Eclipse.app/Contents/Eclipse/plugins/org.apache.ant_1.9.4.v201504302020/lib/ant-junit.jar:/Applications/Eclipse.app/Contents/Eclipse/plugins/org.apache.ant_1.9.4.v201504302020/lib/ant-junit4.jar:/Applications/Eclipse.app/Contents/Eclipse/plugins/org.apache.ant_1.9.4.v201504302020/lib/ant-launcher.jar:/Applications/Eclipse.app/Contents/Eclipse/plugins/org.apache.ant_1.9.4.v201504302020/lib/ant-netrexx.jar:/Applications/Eclipse.app/Contents/Eclipse/plugins/org.apache.ant_1.9.4.v201504302020/lib/ant-swing.jar:/Applications/Eclipse.app/Contents/Eclipse/plugins/org.apache.ant_1.9.4.v201504302020/lib/ant-testutil.jar:/Applications/Eclipse.app/Contents/Eclipse/plugins/org.apache.ant_1.9.4.v201504302020/lib/ant.jar:/Applications/Eclipse.app/Contents/Eclipse/configuration/org.eclipse.osgi/79/0/.cp/lib/antdebug.jar:/Applications/Eclipse.app/Contents/Eclipse/configuration/org.eclipse.osgi/79/0/.cp/lib/remote.jar:/Applications/Eclipse.app/Contents/Eclipse/configuration/org.eclipse.osgi/80/0/.cp/lib/remoteAnt.jar:/Library/Java/JavaVirtualMachines/jdk1.8.0_45.jdk/Contents/Home/lib/tools.jar:/Applications/Eclipse.app/Contents/Eclipse/plugins/org.eclipse.swt.cocoa.macosx.x86_64_3.104.0.v20150528-0211.jar:/Users/neiltaylor/eclipse/git/agile/ci/jenkins/javaAntExample/build:/Users/neiltaylor/eclipse/git/agile/ci/jenkins/javaAntExample/libs/junit-4.12.jar:/Users/neiltaylor/eclipse/git/agile/ci/jenkins/javaAntExample/libs/hamcrest-core-1.3.jar" />
    <property name="ant.version" value="Apache Ant(TM) version 1.9.4 compiled on April 29 2014" />
    <property name="TSTAMP" value="1050" />
    <property name="java.vm.specification.name" value="Java Virtual Machine Specification" />
    <property name="java.vm.specification.version" value="1.8" />
    <property name="sun.cpu.endian" value="little" />
    <property name="sun.os.patch.level" value="unknown" />
    <property name="eclipse.pdebuild.home" value="/Applications/Eclipse.app/Contents/Eclipse/plugins/org.eclipse.pde.build_3.9.100.v20150521-1524/.//" />
    <property name="java.io.tmpdir" value="/var/folders/95/4xr7db413n11kgqhhcfb2qr00000gn/T/" />
    <property name="java.vendor.url.bug" value="http://bugreport.sun.com/bugreport/" />
    <property name="os.arch" value="x86_64" />
    <property name="java.awt.graphicsenv" value="sun.awt.CGraphicsEnvironment" />
    <property name="java.ext.dirs" value="/Users/neiltaylor/Library/Java/Extensions:/Library/Java/JavaVirtualMachines/jdk1.8.0_45.jdk/Contents/Home/jre/lib/ext:/Library/Java/Extensions:/Network/Library/Java/Extensions:/System/Library/Java/Extensions:/usr/lib/java" />
    <property name="user.dir" value="/Users/neiltaylor/eclipse/git/agile/ci/jenkins/javaAntExample" />
    <property name="line.separator" value="&#xa;" />
    <property name="java.vm.name" value="Java HotSpot(TM) 64-Bit Server VM" />
    <property name="basedir" value="/Users/neiltaylor/eclipse/git/agile/ci/jenkins/javaAntExample" />
    <property name="ant.java.version" value="1.8" />
    <property name="ant.core.lib" value="/Applications/Eclipse.app/Contents/Eclipse/plugins/org.apache.ant_1.9.4.v201504302020/lib/ant.jar" />
    <property name="file.encoding" value="UTF-8" />
    <property name="java.specification.version" value="1.8" />
    <property name="ant.project.invoked-targets" value="dist" />
  </properties>
  <testcase classname="uk.ac.aber.agile.movies.tests.CustomerTest" name="shouldGenerateStatementForOneNewReleaseRentalForTwoDays" time="0.013" />
  <testcase classname="uk.ac.aber.agile.movies.tests.CustomerTest" name="shouldGenerateStatementForOneChildrensRentalForMoreThanThreeDays" time="0.009">
    <failure message="Incorrect statement expected:&lt;....5&#xa;Amount owed is 2.[5]&#xa;You earned 1 freque...&gt; but was:&lt;....5&#xa;Amount owed is 2.[0]&#xa;You earned 1 freque...&gt;" type="junit.framework.AssertionFailedError">junit.framework.AssertionFailedError: Incorrect statement expected:&lt;....5
Amount owed is 2.[5]
You earned 1 freque...&gt; but was:&lt;....5
Amount owed is 2.[0]
You earned 1 freque...&gt;
	at uk.ac.aber.agile.movies.tests.CustomerTest.shouldGenerateStatementForOneChildrensRentalForMoreThanThreeDays(CustomerTest.java:90)
</failure>
  </testcase>
  <testcase classname="uk.ac.aber.agile.movies.tests.CustomerTest" name="shouldGenerateStatementForOneRegularRental" time="0.0" />
  <testcase classname="uk.ac.aber.agile.movies.tests.CustomerTest" name="shouldGenerateStatementForOneChildrensRentalForThreeDays" time="0.002">
    <failure message="Incorrect statement expected:&lt;....5&#xa;Amount owed is 1.[5]&#xa;You earned 1 freque...&gt; but was:&lt;....5&#xa;Amount owed is 1.[0]&#xa;You earned 1 freque...&gt;" type="junit.framework.AssertionFailedError">junit.framework.AssertionFailedError: Incorrect statement expected:&lt;....5
Amount owed is 1.[5]
You earned 1 freque...&gt; but was:&lt;....5
Amount owed is 1.[0]
You earned 1 freque...&gt;
	at uk.ac.aber.agile.movies.tests.CustomerTest.shouldGenerateStatementForOneChildrensRentalForThreeDays(CustomerTest.java:78)
</failure>
  </testcase>
  <testcase classname="uk.ac.aber.agile.movies.tests.CustomerTest" name="shouldGenerateStatementForOneNewReleaseRentalForOneDay" time="0.001" />
  <testcase classname="uk.ac.aber.agile.movies.tests.CustomerTest" name="shouldGenerateHtmlStatementForMultipleMovies" time="0.001">
    <failure message="Incorrect statement expected:&lt;...&lt;p&gt;Amount owed is 9.[5]&lt;/p&gt;&lt;p&gt;You earned 4 ...&gt; but was:&lt;...&lt;p&gt;Amount owed is 9.[0]&lt;/p&gt;&lt;p&gt;You earned 4 ...&gt;" type="junit.framework.AssertionFailedError">junit.framework.AssertionFailedError: Incorrect statement expected:&lt;...&lt;p&gt;Amount owed is 9.[5]&lt;/p&gt;&lt;p&gt;You earned 4 ...&gt; but was:&lt;...&lt;p&gt;Amount owed is 9.[0]&lt;/p&gt;&lt;p&gt;You earned 4 ...&gt;
	at uk.ac.aber.agile.movies.tests.CustomerTest.shouldGenerateHtmlStatementForMultipleMovies(CustomerTest.java:155)
</failure>
  </testcase>
  <testcase classname="uk.ac.aber.agile.movies.tests.CustomerTest" name="shouldGenerateStatementForMultipleMovies" time="0.005">
    <failure message="Incorrect statement expected:&lt;....0&#xa;Amount owed is 9.[5]&#xa;You earned 4 freque...&gt; but was:&lt;....0&#xa;Amount owed is 9.[0]&#xa;You earned 4 freque...&gt;" type="junit.framework.AssertionFailedError">junit.framework.AssertionFailedError: Incorrect statement expected:&lt;....0
Amount owed is 9.[5]
You earned 4 freque...&gt; but was:&lt;....0
Amount owed is 9.[0]
You earned 4 freque...&gt;
	at uk.ac.aber.agile.movies.tests.CustomerTest.shouldGenerateStatementForMultipleMovies(CustomerTest.java:131)
</failure>
  </testcase>
  <testcase classname="uk.ac.aber.agile.movies.tests.CustomerTest" name="shouldGenerateHtmlStatementForZeroItems" time="0.0" />
  <testcase classname="uk.ac.aber.agile.movies.tests.CustomerTest" name="shouldGenerateStatementForOneChildrensRentalForTwoDays" time="0.004">
    <failure message="Incorrect statement expected:&lt;....5&#xa;Amount owed is 1.[5]&#xa;You earned 1 freque...&gt; but was:&lt;....5&#xa;Amount owed is 1.[0]&#xa;You earned 1 freque...&gt;" type="junit.framework.AssertionFailedError">junit.framework.AssertionFailedError: Incorrect statement expected:&lt;....5
Amount owed is 1.[5]
You earned 1 freque...&gt; but was:&lt;....5
Amount owed is 1.[0]
You earned 1 freque...&gt;
	at uk.ac.aber.agile.movies.tests.CustomerTest.shouldGenerateStatementForOneChildrensRentalForTwoDays(CustomerTest.java:66)
</failure>
  </testcase>
  <testcase classname="uk.ac.aber.agile.movies.tests.CustomerTest" name="shouldGenerateStatementForZeroItems" time="0.0" />
  <testcase classname="uk.ac.aber.agile.movies.tests.CustomerTest" name="shouldBeInitialisedWithSpecifiedName" time="0.0" />
  <testcase classname="uk.ac.aber.agile.movies.tests.CustomerTest" name="shouldGenerateStatementForOneRegularRentalForMoreThanTwoDays" time="0.002">
    <failure message="Incorrect statement expected:&lt;....5&#xa;Amount owed is 3.[5]&#xa;You earned 1 freque...&gt; but was:&lt;....5&#xa;Amount owed is 3.[0]&#xa;You earned 1 freque...&gt;" type="junit.framework.AssertionFailedError">junit.framework.AssertionFailedError: Incorrect statement expected:&lt;....5
Amount owed is 3.[5]
You earned 1 freque...&gt; but was:&lt;....5
Amount owed is 3.[0]
You earned 1 freque...&gt;
	at uk.ac.aber.agile.movies.tests.CustomerTest.shouldGenerateStatementForOneRegularRentalForMoreThanTwoDays(CustomerTest.java:114)
</failure>
  </testcase>
  <system-out><![CDATA[]]></system-out>
  <system-err><![CDATA[]]></system-err>
</testsuite>
